<?xml version="1.0" encoding="UTF-8"?>
<testsuite name="com.pluralsight.candycoded._1_StartTheStoreInformationActivity" tests="1" skipped="0" failures="1" errors="0" timestamp="2021-12-06T03:47:55" hostname="reptilefury" time="0.002">
  <properties/>
  <testcase name="initializationError" classname="com.pluralsight.candycoded._1_StartTheStoreInformationActivity" time="0.002">
    <failure message="org.objenesis.ObjenesisException: java.lang.reflect.InvocationTargetException" type="org.objenesis.ObjenesisException">org.objenesis.ObjenesisException: java.lang.reflect.InvocationTargetException
	at org.objenesis.instantiator.sun.SunReflectionFactoryHelper.newConstructorForSerialization(SunReflectionFactoryHelper.java:54)
	at org.objenesis.instantiator.sun.SunReflectionFactoryInstantiator.&lt;init&gt;(SunReflectionFactoryInstantiator.java:41)
	at org.objenesis.strategy.StdInstantiatorStrategy.newInstantiatorOf(StdInstantiatorStrategy.java:67)
	at org.objenesis.ObjenesisBase.getInstantiatorOf(ObjenesisBase.java:94)
	at org.powermock.reflect.internal.WhiteboxImpl.newInstance(WhiteboxImpl.java:259)
	at org.powermock.reflect.Whitebox.newInstance(Whitebox.java:139)
	at org.powermock.tests.utils.impl.AbstractTestSuiteChunkerImpl.getPowerMockTestListenersLoadedByASpecificClassLoader(AbstractTestSuiteChunkerImpl.java:95)
	at org.powermock.modules.junit4.common.internal.impl.JUnit4TestSuiteChunkerImpl.createDelegatorFromClassloader(JUnit4TestSuiteChunkerImpl.java:174)
	at org.powermock.modules.junit4.common.internal.impl.JUnit4TestSuiteChunkerImpl.createDelegatorFromClassloader(JUnit4TestSuiteChunkerImpl.java:48)
	at org.powermock.tests.utils.impl.AbstractTestSuiteChunkerImpl.createTestDelegators(AbstractTestSuiteChunkerImpl.java:108)
	at org.powermock.modules.junit4.common.internal.impl.JUnit4TestSuiteChunkerImpl.&lt;init&gt;(JUnit4TestSuiteChunkerImpl.java:71)
	at org.powermock.modules.junit4.common.internal.impl.AbstractCommonPowerMockRunner.&lt;init&gt;(AbstractCommonPowerMockRunner.java:36)
	at org.powermock.modules.junit4.PowerMockRunner.&lt;init&gt;(PowerMockRunner.java:34)
	at java.base/jdk.internal.reflect.NativeConstructorAccessorImpl.newInstance0(Native Method)
	at java.base/jdk.internal.reflect.NativeConstructorAccessorImpl.newInstance(NativeConstructorAccessorImpl.java:62)
	at java.base/jdk.internal.reflect.DelegatingConstructorAccessorImpl.newInstance(DelegatingConstructorAccessorImpl.java:45)
	at java.base/java.lang.reflect.Constructor.newInstance(Constructor.java:490)
	at org.junit.internal.builders.AnnotatedBuilder.buildRunner(AnnotatedBuilder.java:104)
	at org.junit.internal.builders.AnnotatedBuilder.runnerForClass(AnnotatedBuilder.java:86)
	at org.junit.runners.model.RunnerBuilder.safeRunnerForClass(RunnerBuilder.java:59)
	at org.junit.internal.builders.AllDefaultPossibilitiesBuilder.runnerForClass(AllDefaultPossibilitiesBuilder.java:26)
	at org.junit.runners.model.RunnerBuilder.safeRunnerForClass(RunnerBuilder.java:59)
	at org.junit.internal.requests.ClassRequest.getRunner(ClassRequest.java:33)
	at org.gradle.api.internal.tasks.testing.junit.JUnitTestClassExecutor.runTestClass(JUnitTestClassExecutor.java:78)
	at org.gradle.api.internal.tasks.testing.junit.JUnitTestClassExecutor.execute(JUnitTestClassExecutor.java:58)
	at org.gradle.api.internal.tasks.testing.junit.JUnitTestClassExecutor.execute(JUnitTestClassExecutor.java:38)
	at org.gradle.api.internal.tasks.testing.junit.AbstractJUnitTestClassProcessor.processTestClass(AbstractJUnitTestClassProcessor.java:62)
	at org.gradle.api.internal.tasks.testing.SuiteTestClassProcessor.processTestClass(SuiteTestClassProcessor.java:51)
	at java.base/jdk.internal.reflect.NativeMethodAccessorImpl.invoke0(Native Method)
	at java.base/jdk.internal.reflect.NativeMethodAccessorImpl.invoke(NativeMethodAccessorImpl.java:62)
	at java.base/jdk.internal.reflect.DelegatingMethodAccessorImpl.invoke(DelegatingMethodAccessorImpl.java:43)
	at java.base/java.lang.reflect.Method.invoke(Method.java:566)
	at org.gradle.internal.dispatch.ReflectionDispatch.dispatch(ReflectionDispatch.java:36)
	at org.gradle.internal.dispatch.ReflectionDispatch.dispatch(ReflectionDispatch.java:24)
	at org.gradle.internal.dispatch.ContextClassLoaderDispatch.dispatch(ContextClassLoaderDispatch.java:33)
	at org.gradle.internal.dispatch.ProxyDispatchAdapter$DispatchingInvocationHandler.invoke(ProxyDispatchAdapter.java:94)
	at com.sun.proxy.$Proxy2.processTestClass(Unknown Source)
	at org.gradle.api.internal.tasks.testing.worker.TestWorker.processTestClass(TestWorker.java:118)
	at java.base/jdk.internal.reflect.NativeMethodAccessorImpl.invoke0(Native Method)
	at java.base/jdk.internal.reflect.NativeMethodAccessorImpl.invoke(NativeMethodAccessorImpl.java:62)
	at java.base/jdk.internal.reflect.DelegatingMethodAccessorImpl.invoke(DelegatingMethodAccessorImpl.java:43)
	at java.base/java.lang.reflect.Method.invoke(Method.java:566)
	at org.gradle.internal.dispatch.ReflectionDispatch.dispatch(ReflectionDispatch.java:36)
	at org.gradle.internal.dispatch.ReflectionDispatch.dispatch(ReflectionDispatch.java:24)
	at org.gradle.internal.remote.internal.hub.MessageHubBackedObjectConnection$DispatchWrapper.dispatch(MessageHubBackedObjectConnection.java:182)
	at org.gradle.internal.remote.internal.hub.MessageHubBackedObjectConnection$DispatchWrapper.dispatch(MessageHubBackedObjectConnection.java:164)
	at org.gradle.internal.remote.internal.hub.MessageHub$Handler.run(MessageHub.java:412)
	at org.gradle.internal.concurrent.ExecutorPolicy$CatchAndRecordFailures.onExecute(ExecutorPolicy.java:64)
	at org.gradle.internal.concurrent.ManagedExecutorImpl$1.run(ManagedExecutorImpl.java:48)
	at java.base/java.util.concurrent.ThreadPoolExecutor.runWorker(ThreadPoolExecutor.java:1128)
	at java.base/java.util.concurrent.ThreadPoolExecutor$Worker.run(ThreadPoolExecutor.java:628)
	at org.gradle.internal.concurrent.ThreadFactoryImpl$ManagedThreadRunnable.run(ThreadFactoryImpl.java:56)
	at java.base/java.lang.Thread.run(Thread.java:834)
Caused by: java.lang.reflect.InvocationTargetException
	at java.base/jdk.internal.reflect.NativeMethodAccessorImpl.invoke0(Native Method)
	at java.base/jdk.internal.reflect.NativeMethodAccessorImpl.invoke(NativeMethodAccessorImpl.java:62)
	at java.base/jdk.internal.reflect.DelegatingMethodAccessorImpl.invoke(DelegatingMethodAccessorImpl.java:43)
	at java.base/java.lang.reflect.Method.invoke(Method.java:566)
	at org.objenesis.instantiator.sun.SunReflectionFactoryHelper.newConstructorForSerialization(SunReflectionFactoryHelper.java:44)
	... 52 more
Caused by: java.lang.IllegalAccessError: class jdk.internal.reflect.ConstructorAccessorImpl loaded by org.powermock.core.classloader.MockClassLoader @4cca01f7 cannot access jdk/internal/reflect superclass jdk.internal.reflect.MagicAccessorImpl
	at java.base/java.lang.ClassLoader.defineClass1(Native Method)
	at java.base/java.lang.ClassLoader.defineClass(ClassLoader.java:1017)
	at org.powermock.core.classloader.MockClassLoader.loadUnmockedClass(MockClassLoader.java:262)
	at org.powermock.core.classloader.MockClassLoader.loadModifiedClass(MockClassLoader.java:206)
	at org.powermock.core.classloader.DeferSupportingClassLoader.loadClass1(DeferSupportingClassLoader.java:89)
	at org.powermock.core.classloader.DeferSupportingClassLoader.loadClass(DeferSupportingClassLoader.java:79)
	at java.base/java.lang.ClassLoader.loadClass(ClassLoader.java:522)
	at java.base/java.lang.ClassLoader.defineClass1(Native Method)
	at java.base/java.lang.ClassLoader.defineClass(ClassLoader.java:1017)
	at org.powermock.core.classloader.MockClassLoader.loadUnmockedClass(MockClassLoader.java:262)
	at org.powermock.core.classloader.MockClassLoader.loadModifiedClass(MockClassLoader.java:206)
	at org.powermock.core.classloader.DeferSupportingClassLoader.loadClass1(DeferSupportingClassLoader.java:89)
	at org.powermock.core.classloader.DeferSupportingClassLoader.loadClass(DeferSupportingClassLoader.java:79)
	at java.base/java.lang.ClassLoader.loadClass(ClassLoader.java:522)
	at java.base/jdk.internal.misc.Unsafe.defineClass0(Native Method)
	at java.base/jdk.internal.misc.Unsafe.defineClass(Unsafe.java:1192)
	at java.base/jdk.internal.reflect.ClassDefiner.defineClass(ClassDefiner.java:63)
	at java.base/jdk.internal.reflect.MethodAccessorGenerator$1.run(MethodAccessorGenerator.java:400)
	at java.base/jdk.internal.reflect.MethodAccessorGenerator$1.run(MethodAccessorGenerator.java:394)
	at java.base/java.security.AccessController.doPrivileged(Native Method)
	at java.base/jdk.internal.reflect.MethodAccessorGenerator.generate(MethodAccessorGenerator.java:393)
	at java.base/jdk.internal.reflect.MethodAccessorGenerator.generateSerializationConstructor(MethodAccessorGenerator.java:112)
	at java.base/jdk.internal.reflect.ReflectionFactory.generateConstructor(ReflectionFactory.java:514)
	at java.base/jdk.internal.reflect.ReflectionFactory.newConstructorForSerialization(ReflectionFactory.java:427)
	at jdk.unsupported/sun.reflect.ReflectionFactory.newConstructorForSerialization(ReflectionFactory.java:103)
	... 57 more
</failure>
  </testcase>
  <system-out><![CDATA[]]></system-out>
  <system-err><![CDATA[]]></system-err>
</testsuite>
